{"/Users/jasonjhang/Documents/vue-travis/src/components/HelloWorld.vue": {"path":"/Users/jasonjhang/Documents/vue-travis/src/components/HelloWorld.vue","statementMap":{"0":{"start":{"line":24,"column":0},"end":{"line":24,"column":null}},"1":{"start":{"line":25,"column":15},"end":{"line":25,"column":null}},"2":{"start":{"line":31,"column":4},"end":{"line":31,"column":11}},"3":{"start":{"line":39,"column":6},"end":{"line":39,"column":11}},"4":{"start":{"line":42,"column":6},"end":{"line":42,"column":11}}},"fnMap":{"0":{"name":"(anonymous_0)","decl":{"start":{"line":30,"column":2},"end":{"line":30,"column":6}},"loc":{"start":{"line":30,"column":9},"end":{"line":36,"column":null}}},"1":{"name":"(anonymous_1)","decl":{"start":{"line":38,"column":4},"end":{"line":38,"column":13}},"loc":{"start":{"line":38,"column":16},"end":{"line":40,"column":null}}},"2":{"name":"(anonymous_2)","decl":{"start":{"line":41,"column":4},"end":{"line":41,"column":13}},"loc":{"start":{"line":41,"column":16},"end":{"line":43,"column":null}}}},"branchMap":{},"s":{"0":1,"1":1,"2":3,"3":2,"4":1},"f":{"0":3,"1":2,"2":1},"b":{}}
}
